0 info it worked if it ends with ok
1 verbose cli [ 'node', '/usr/local/bin/npm', 'start' ]
2 info using npm@3.4.0
3 info using node@v0.10.29
4 verbose run-script [ 'prestart', 'start', 'poststart' ]
5 info lifecycle lotg-demo@0.0.1~prestart: lotg-demo@0.0.1
6 silly lifecycle lotg-demo@0.0.1~prestart: no script for prestart, continuing
7 info lifecycle lotg-demo@0.0.1~start: lotg-demo@0.0.1
8 verbose lifecycle lotg-demo@0.0.1~start: unsafe-perm in lifecycle true
9 verbose lifecycle lotg-demo@0.0.1~start: PATH: /usr/local/lib/node_modules/npm/bin/node-gyp-bin:/Users/shaharsol/github/lotg-demo/node_modules/.bin:/Users/shaharsol/bin/Sencha/Cmd/5.0.0.160:/opt/local/bin:/opt/local/sbin:/usr/bin:/bin:/usr/sbin:/sbin:/usr/local/bin:/usr/local/git/bin:/opt/ImageMagick/bin:/Users/shaharsol/.rvm/bin
10 verbose lifecycle lotg-demo@0.0.1~start: CWD: /Users/shaharsol/github/lotg-demo
11 silly lifecycle lotg-demo@0.0.1~start: Args: [ '-c', 'node ./bin/www' ]
12 silly lifecycle lotg-demo@0.0.1~start: Returned: code: 8  signal: null
13 info lifecycle lotg-demo@0.0.1~start: Failed to exec start script
14 verbose stack Error: lotg-demo@0.0.1 start: `node ./bin/www`
14 verbose stack Exit status 8
14 verbose stack     at EventEmitter.<anonymous> (/usr/local/lib/node_modules/npm/lib/utils/lifecycle.js:232:16)
14 verbose stack     at EventEmitter.emit (events.js:98:17)
14 verbose stack     at ChildProcess.<anonymous> (/usr/local/lib/node_modules/npm/lib/utils/spawn.js:24:14)
14 verbose stack     at ChildProcess.emit (events.js:98:17)
14 verbose stack     at maybeClose (child_process.js:755:16)
14 verbose stack     at Process.ChildProcess._handle.onexit (child_process.js:822:5)
15 verbose pkgid lotg-demo@0.0.1
16 verbose cwd /Users/shaharsol/github/lotg-demo
17 error Darwin 15.0.0
18 error argv "node" "/usr/local/bin/npm" "start"
19 error node v0.10.29
20 error npm  v3.4.0
21 error code ELIFECYCLE
22 error lotg-demo@0.0.1 start: `node ./bin/www`
22 error Exit status 8
23 error Failed at the lotg-demo@0.0.1 start script 'node ./bin/www'.
23 error Make sure you have the latest version of node.js and npm installed.
23 error If you do, this is most likely a problem with the lotg-demo package,
23 error not with npm itself.
23 error Tell the author that this fails on your system:
23 error     node ./bin/www
23 error You can get their info via:
23 error     npm owner ls lotg-demo
23 error There is likely additional logging output above.
24 verbose exit [ 1, true ]
